Grammar

    0 $accept: prog $end

    1 prog: GLOBAL declList stmtListO END

    2 declList: decl declList
    3         | /* empty */

    4 decl: DEF typeList END
    5     | FUN funDef END

    6 typeList: typeList SEMICOLON varList COLON type
    7         | varList COLON type
    8         | typeDef

    9 varList: var COMMA varList
   10        | var

   11 var: ID sizeListO

   12 sizeListO: sizeList
   13          | /* empty */

   14 sizeList: sizeList LEFT_SQ_BKT INT_CONST RIGHT_SQ_BKT
   15         | LEFT_SQ_BKT INT_CONST RIGHT_SQ_BKT

   16 type: INT
   17     | FLOAT
   18     | STRING
   19     | NUL
   20     | typeDef
   21     | ID

   22 typeDef: ID ASSIGN PRODUCT typeList END

   23 funDef: funID fparamListO RETURNS type funBody

   24 funID: ID

   25 fparamListO: fparamList
   26            | /* empty */

   27 fparamList: fparamList SEMICOLON pList COLON type
   28           | pList COLON type

   29 pList: pList COMMA idP
   30      | idP

   31 idP: ID sizeListO

   32 funBody: declList stmtListO

   33 stmtListO: stmtList
   34          | /* empty */

   35 stmtList: stmtList SEMICOLON stmt
   36         | stmt

   37 stmt: assignmentStmt
   38     | readStmt
   39     | printStmt
   40     | ifStmt
   41     | whileStmt
   42     | loopStmt
   43     | callStmt
   44     | returnStmt
   45     | exitLoop
   46     | skip

   47 assignmentStmt: dotId ASSIGN exp

   48 dotId: id
   49      | id DOT dotId

   50 readStmt: READ FORMAT exp

   51 printStmt: PRINT STRING
   52          | PRINT FORMAT exp

   53 ifStmt: IF bExp COLON stmtList elsePart END

   54 elsePart: ELSE stmtList
   55         | /* empty */

   56 whileStmt: WHILE bExp COLON stmtList END

   57 loopStmt: FROM id ASSIGN exp TO exp stepPart COLON stmtListO END

   58 stepPart: STEP exp
   59         | /* empty */

   60 callStmt: LEFT_PAREN ID COLON actParamList RIGHT_PAREN

   61 returnStmt: RETURN expO

   62 expO: exp
   63     | /* empty */

   64 exitLoop: EXITLOOP

   65 skip: SKIP

   66 id: ID indxListO

   67 indxListO: indxList
   68          | /* empty */

   69 indxList: indxList LEFT_SQ_BKT exp RIGHT_SQ_BKT
   70         | LEFT_SQ_BKT exp RIGHT_SQ_BKT

   71 bExp: bExp OR bExp
   72     | bExp AND bExp
   73     | NOT bExp
   74     | LEFT_PAREN bExp RIGHT_PAREN
   75     | exp relOP exp

   76 relOP: EQ
   77      | LE
   78      | LT
   79      | GE
   80      | GT
   81      | NE

   82 exp: exp PLUS exp
   83    | exp MINUS exp
   84    | exp MULT exp
   85    | exp DIV exp
   86    | exp MOD exp
   87    | MINUS exp
   88    | PLUS exp
   89    | exp DOT exp
   90    | LEFT_PAREN exp RIGHT_PAREN
   91    | id
   92    | LEFT_PAREN ID COLON actParamListO RIGHT_PAREN
   93    | INT_CONST
   94    | FLOAT_CONST

   95 actParamListO: actParamList
   96              | /* empty */

   97 actParamList: actParamList COMMA exp
   98             | exp


Terminals, with rules where they appear

$end (0) 0
error (256)
AND (258) 72
ASSIGN (259) 22 47 57
COLON (260) 6 7 27 28 53 56 57 60 92
COMMA (261) 9 29 97
DEF (262) 4
DIV (263) 85
DOT (264) 49 89
ELSE (265) 54
END (266) 1 4 5 22 53 56 57
EQ (267) 76
EXITLOOP (268) 64
FLOAT (269) 17
FROM (270) 57
FUN (271) 5
GE (272) 79
GLOBAL (273) 1
GT (274) 80
IF (275) 53
INT (276) 16
LEFT_PAREN (277) 60 74 90 92
LEFT_SQ_BKT (278) 14 15 69 70
LE (279) 77
LT (280) 78
MINUS (281) 83 87
MOD (282) 86
MULT (283) 84
NE (284) 81
NOT (285) 73
NUL (286) 19
OR (287) 71
PLUS (288) 82 88
PRINT (289) 51 52
PRODUCT (290) 22
READ (291) 50
RETURN (292) 61
RIGHT_PAREN (293) 60 74 90 92
RIGHT_SQ_BKT (294) 14 15 69 70
SEMICOLON (295) 6 27 35
SKIP (296) 65
STEP (297) 58
TO (298) 57
WHILE (299) 56
ID (300) 11 21 22 24 31 60 66 92
STRING (301) 18 51
INT_CONST (302) 14 15 93
FLOAT_CONST (303) 94
FORMAT (304) 50 52
RETURNS (305) 23


Nonterminals, with rules where they appear

$accept (51)
    on left: 0
prog (52)
    on left: 1, on right: 0
declList (53)
    on left: 2 3, on right: 1 2 32
decl (54)
    on left: 4 5, on right: 2
typeList (55)
    on left: 6 7 8, on right: 4 6 22
varList (56)
    on left: 9 10, on right: 6 7 9
var (57)
    on left: 11, on right: 9 10
sizeListO (58)
    on left: 12 13, on right: 11 31
sizeList (59)
    on left: 14 15, on right: 12 14
type (60)
    on left: 16 17 18 19 20 21, on right: 6 7 23 27 28
typeDef (61)
    on left: 22, on right: 8 20
funDef (62)
    on left: 23, on right: 5
funID (63)
    on left: 24, on right: 23
fparamListO (64)
    on left: 25 26, on right: 23
fparamList (65)
    on left: 27 28, on right: 25 27
pList (66)
    on left: 29 30, on right: 27 28 29
idP (67)
    on left: 31, on right: 29 30
funBody (68)
    on left: 32, on right: 23
stmtListO (69)
    on left: 33 34, on right: 1 32 57
stmtList (70)
    on left: 35 36, on right: 33 35 53 54 56
stmt (71)
    on left: 37 38 39 40 41 42 43 44 45 46, on right: 35 36
assignmentStmt (72)
    on left: 47, on right: 37
dotId (73)
    on left: 48 49, on right: 47 49
readStmt (74)
    on left: 50, on right: 38
printStmt (75)
    on left: 51 52, on right: 39
ifStmt (76)
    on left: 53, on right: 40
elsePart (77)
    on left: 54 55, on right: 53
whileStmt (78)
    on left: 56, on right: 41
loopStmt (79)
    on left: 57, on right: 42
stepPart (80)
    on left: 58 59, on right: 57
callStmt (81)
    on left: 60, on right: 43
returnStmt (82)
    on left: 61, on right: 44
expO (83)
    on left: 62 63, on right: 61
exitLoop (84)
    on left: 64, on right: 45
skip (85)
    on left: 65, on right: 46
id (86)
    on left: 66, on right: 48 49 57 91
indxListO (87)
    on left: 67 68, on right: 66
indxList (88)
    on left: 69 70, on right: 67 69
bExp (89)
    on left: 71 72 73 74 75, on right: 53 56 71 72 73 74
relOP (90)
    on left: 76 77 78 79 80 81, on right: 75
exp (91)
    on left: 82 83 84 85 86 87 88 89 90 91 92 93 94,
    on right: 47 50 52 57 58 62 69 70 75 82 83 84 85 86 87 88 89 90
    97 98
actParamListO (92)
    on left: 95 96, on right: 92
actParamList (93)
    on left: 97 98, on right: 60 95 97


state 0

    0 $accept: . prog $end

    GLOBAL  shift, and go to state 1

    prog  go to state 2


state 1

    1 prog: GLOBAL . declList stmtListO END

    DEF  shift, and go to state 3
    FUN  shift, and go to state 4

    $default  reduce using rule 3 (declList)

    declList  go to state 5
    decl      go to state 6


state 2

    0 $accept: prog . $end

    $end  shift, and go to state 7


state 3

    4 decl: DEF . typeList END

    ID  shift, and go to state 8

    typeList  go to state 9
    varList   go to state 10
    var       go to state 11
    typeDef   go to state 12


state 4

    5 decl: FUN . funDef END

    ID  shift, and go to state 13

    funDef  go to state 14
    funID   go to state 15


state 5

    1 prog: GLOBAL declList . stmtListO END

    EXITLOOP    shift, and go to state 16
    FROM        shift, and go to state 17
    IF          shift, and go to state 18
    LEFT_PAREN  shift, and go to state 19
    PRINT       shift, and go to state 20
    READ        shift, and go to state 21
    RETURN      shift, and go to state 22
    SKIP        shift, and go to state 23
    WHILE       shift, and go to state 24
    ID          shift, and go to state 25

    $default  reduce using rule 34 (stmtListO)

    stmtListO       go to state 26
    stmtList        go to state 27
    stmt            go to state 28
    assignmentStmt  go to state 29
    dotId           go to state 30
    readStmt        go to state 31
    printStmt       go to state 32
    ifStmt          go to state 33
    whileStmt       go to state 34
    loopStmt        go to state 35
    callStmt        go to state 36
    returnStmt      go to state 37
    exitLoop        go to state 38
    skip            go to state 39
    id              go to state 40


state 6

    2 declList: decl . declList

    DEF  shift, and go to state 3
    FUN  shift, and go to state 4

    $default  reduce using rule 3 (declList)

    declList  go to state 41
    decl      go to state 6


state 7

    0 $accept: prog $end .

    $default  accept


state 8

   11 var: ID . sizeListO
   22 typeDef: ID . ASSIGN PRODUCT typeList END

    ASSIGN       shift, and go to state 42
    LEFT_SQ_BKT  shift, and go to state 43

    $default  reduce using rule 13 (sizeListO)

    sizeListO  go to state 44
    sizeList   go to state 45


state 9

    4 decl: DEF typeList . END
    6 typeList: typeList . SEMICOLON varList COLON type

    END        shift, and go to state 46
    SEMICOLON  shift, and go to state 47


state 10

    7 typeList: varList . COLON type

    COLON  shift, and go to state 48


state 11

    9 varList: var . COMMA varList
   10        | var .

    COMMA  shift, and go to state 49

    $default  reduce using rule 10 (varList)


state 12

    8 typeList: typeDef .

    $default  reduce using rule 8 (typeList)


state 13

   24 funID: ID .

    $default  reduce using rule 24 (funID)


state 14

    5 decl: FUN funDef . END

    END  shift, and go to state 50


state 15

   23 funDef: funID . fparamListO RETURNS type funBody

    ID  shift, and go to state 51

    $default  reduce using rule 26 (fparamListO)

    fparamListO  go to state 52
    fparamList   go to state 53
    pList        go to state 54
    idP          go to state 55


state 16

   64 exitLoop: EXITLOOP .

    $default  reduce using rule 64 (exitLoop)


state 17

   57 loopStmt: FROM . id ASSIGN exp TO exp stepPart COLON stmtListO END

    ID  shift, and go to state 25

    id  go to state 56


state 18

   53 ifStmt: IF . bExp COLON stmtList elsePart END

    LEFT_PAREN   shift, and go to state 57
    MINUS        shift, and go to state 58
    NOT          shift, and go to state 59
    PLUS         shift, and go to state 60
    ID           shift, and go to state 25
    INT_CONST    shift, and go to state 61
    FLOAT_CONST  shift, and go to state 62

    id    go to state 63
    bExp  go to state 64
    exp   go to state 65


state 19

   60 callStmt: LEFT_PAREN . ID COLON actParamList RIGHT_PAREN

    ID  shift, and go to state 66


state 20

   51 printStmt: PRINT . STRING
   52          | PRINT . FORMAT exp

    STRING  shift, and go to state 67
    FORMAT  shift, and go to state 68


state 21

   50 readStmt: READ . FORMAT exp

    FORMAT  shift, and go to state 69


state 22

   61 returnStmt: RETURN . expO

    LEFT_PAREN   shift, and go to state 70
    MINUS        shift, and go to state 58
    PLUS         shift, and go to state 60
    ID           shift, and go to state 25
    INT_CONST    shift, and go to state 61
    FLOAT_CONST  shift, and go to state 62

    $default  reduce using rule 63 (expO)

    expO  go to state 71
    id    go to state 63
    exp   go to state 72


state 23

   65 skip: SKIP .

    $default  reduce using rule 65 (skip)


state 24

   56 whileStmt: WHILE . bExp COLON stmtList END

    LEFT_PAREN   shift, and go to state 57
    MINUS        shift, and go to state 58
    NOT          shift, and go to state 59
    PLUS         shift, and go to state 60
    ID           shift, and go to state 25
    INT_CONST    shift, and go to state 61
    FLOAT_CONST  shift, and go to state 62

    id    go to state 63
    bExp  go to state 73
    exp   go to state 65


state 25

   66 id: ID . indxListO

    LEFT_SQ_BKT  shift, and go to state 74

    $default  reduce using rule 68 (indxListO)

    indxListO  go to state 75
    indxList   go to state 76


state 26

    1 prog: GLOBAL declList stmtListO . END

    END  shift, and go to state 77


state 27

   33 stmtListO: stmtList .
   35 stmtList: stmtList . SEMICOLON stmt

    SEMICOLON  shift, and go to state 78

    $default  reduce using rule 33 (stmtListO)


state 28

   36 stmtList: stmt .

    $default  reduce using rule 36 (stmtList)


state 29

   37 stmt: assignmentStmt .

    $default  reduce using rule 37 (stmt)


state 30

   47 assignmentStmt: dotId . ASSIGN exp

    ASSIGN  shift, and go to state 79


state 31

   38 stmt: readStmt .

    $default  reduce using rule 38 (stmt)


state 32

   39 stmt: printStmt .

    $default  reduce using rule 39 (stmt)


state 33

   40 stmt: ifStmt .

    $default  reduce using rule 40 (stmt)


state 34

   41 stmt: whileStmt .

    $default  reduce using rule 41 (stmt)


state 35

   42 stmt: loopStmt .

    $default  reduce using rule 42 (stmt)


state 36

   43 stmt: callStmt .

    $default  reduce using rule 43 (stmt)


state 37

   44 stmt: returnStmt .

    $default  reduce using rule 44 (stmt)


state 38

   45 stmt: exitLoop .

    $default  reduce using rule 45 (stmt)


state 39

   46 stmt: skip .

    $default  reduce using rule 46 (stmt)


state 40

   48 dotId: id .
   49      | id . DOT dotId

    DOT  shift, and go to state 80

    $default  reduce using rule 48 (dotId)


state 41

    2 declList: decl declList .

    $default  reduce using rule 2 (declList)


state 42

   22 typeDef: ID ASSIGN . PRODUCT typeList END

    PRODUCT  shift, and go to state 81


state 43

   15 sizeList: LEFT_SQ_BKT . INT_CONST RIGHT_SQ_BKT

    INT_CONST  shift, and go to state 82


state 44

   11 var: ID sizeListO .

    $default  reduce using rule 11 (var)


state 45

   12 sizeListO: sizeList .
   14 sizeList: sizeList . LEFT_SQ_BKT INT_CONST RIGHT_SQ_BKT

    LEFT_SQ_BKT  shift, and go to state 83

    $default  reduce using rule 12 (sizeListO)


state 46

    4 decl: DEF typeList END .

    $default  reduce using rule 4 (decl)


state 47

    6 typeList: typeList SEMICOLON . varList COLON type

    ID  shift, and go to state 84

    varList  go to state 85
    var      go to state 11


state 48

    7 typeList: varList COLON . type

    FLOAT   shift, and go to state 86
    INT     shift, and go to state 87
    NUL     shift, and go to state 88
    ID      shift, and go to state 89
    STRING  shift, and go to state 90

    type     go to state 91
    typeDef  go to state 92


state 49

    9 varList: var COMMA . varList

    ID  shift, and go to state 84

    varList  go to state 93
    var      go to state 11


state 50

    5 decl: FUN funDef END .

    $default  reduce using rule 5 (decl)


state 51

   31 idP: ID . sizeListO

    LEFT_SQ_BKT  shift, and go to state 43

    $default  reduce using rule 13 (sizeListO)

    sizeListO  go to state 94
    sizeList   go to state 45


state 52

   23 funDef: funID fparamListO . RETURNS type funBody

    RETURNS  shift, and go to state 95


state 53

   25 fparamListO: fparamList .
   27 fparamList: fparamList . SEMICOLON pList COLON type

    SEMICOLON  shift, and go to state 96

    $default  reduce using rule 25 (fparamListO)


state 54

   28 fparamList: pList . COLON type
   29 pList: pList . COMMA idP

    COLON  shift, and go to state 97
    COMMA  shift, and go to state 98


state 55

   30 pList: idP .

    $default  reduce using rule 30 (pList)


state 56

   57 loopStmt: FROM id . ASSIGN exp TO exp stepPart COLON stmtListO END

    ASSIGN  shift, and go to state 99


state 57

   74 bExp: LEFT_PAREN . bExp RIGHT_PAREN
   90 exp: LEFT_PAREN . exp RIGHT_PAREN
   92    | LEFT_PAREN . ID COLON actParamListO RIGHT_PAREN

    LEFT_PAREN   shift, and go to state 57
    MINUS        shift, and go to state 58
    NOT          shift, and go to state 59
    PLUS         shift, and go to state 60
    ID           shift, and go to state 100
    INT_CONST    shift, and go to state 61
    FLOAT_CONST  shift, and go to state 62

    id    go to state 63
    bExp  go to state 101
    exp   go to state 102


state 58

   87 exp: MINUS . exp

    LEFT_PAREN   shift, and go to state 70
    MINUS        shift, and go to state 58
    PLUS         shift, and go to state 60
    ID           shift, and go to state 25
    INT_CONST    shift, and go to state 61
    FLOAT_CONST  shift, and go to state 62

    id   go to state 63
    exp  go to state 103


state 59

   73 bExp: NOT . bExp

    LEFT_PAREN   shift, and go to state 57
    MINUS        shift, and go to state 58
    NOT          shift, and go to state 59
    PLUS         shift, and go to state 60
    ID           shift, and go to state 25
    INT_CONST    shift, and go to state 61
    FLOAT_CONST  shift, and go to state 62

    id    go to state 63
    bExp  go to state 104
    exp   go to state 65


state 60

   88 exp: PLUS . exp

    LEFT_PAREN   shift, and go to state 70
    MINUS        shift, and go to state 58
    PLUS         shift, and go to state 60
    ID           shift, and go to state 25
    INT_CONST    shift, and go to state 61
    FLOAT_CONST  shift, and go to state 62

    id   go to state 63
    exp  go to state 105


state 61

   93 exp: INT_CONST .

    $default  reduce using rule 93 (exp)


state 62

   94 exp: FLOAT_CONST .

    $default  reduce using rule 94 (exp)


state 63

   91 exp: id .

    $default  reduce using rule 91 (exp)


state 64

   53 ifStmt: IF bExp . COLON stmtList elsePart END
   71 bExp: bExp . OR bExp
   72     | bExp . AND bExp

    AND    shift, and go to state 106
    COLON  shift, and go to state 107
    OR     shift, and go to state 108


state 65

   75 bExp: exp . relOP exp
   82 exp: exp . PLUS exp
   83    | exp . MINUS exp
   84    | exp . MULT exp
   85    | exp . DIV exp
   86    | exp . MOD exp
   89    | exp . DOT exp

    DIV    shift, and go to state 109
    DOT    shift, and go to state 110
    EQ     shift, and go to state 111
    GE     shift, and go to state 112
    GT     shift, and go to state 113
    LE     shift, and go to state 114
    LT     shift, and go to state 115
    MINUS  shift, and go to state 116
    MOD    shift, and go to state 117
    MULT   shift, and go to state 118
    NE     shift, and go to state 119
    PLUS   shift, and go to state 120

    relOP  go to state 121


state 66

   60 callStmt: LEFT_PAREN ID . COLON actParamList RIGHT_PAREN

    COLON  shift, and go to state 122


state 67

   51 printStmt: PRINT STRING .

    $default  reduce using rule 51 (printStmt)


state 68

   52 printStmt: PRINT FORMAT . exp

    LEFT_PAREN   shift, and go to state 70
    MINUS        shift, and go to state 58
    PLUS         shift, and go to state 60
    ID           shift, and go to state 25
    INT_CONST    shift, and go to state 61
    FLOAT_CONST  shift, and go to state 62

    id   go to state 63
    exp  go to state 123


state 69

   50 readStmt: READ FORMAT . exp

    LEFT_PAREN   shift, and go to state 70
    MINUS        shift, and go to state 58
    PLUS         shift, and go to state 60
    ID           shift, and go to state 25
    INT_CONST    shift, and go to state 61
    FLOAT_CONST  shift, and go to state 62

    id   go to state 63
    exp  go to state 124


state 70

   90 exp: LEFT_PAREN . exp RIGHT_PAREN
   92    | LEFT_PAREN . ID COLON actParamListO RIGHT_PAREN

    LEFT_PAREN   shift, and go to state 70
    MINUS        shift, and go to state 58
    PLUS         shift, and go to state 60
    ID           shift, and go to state 100
    INT_CONST    shift, and go to state 61
    FLOAT_CONST  shift, and go to state 62

    id   go to state 63
    exp  go to state 125


state 71

   61 returnStmt: RETURN expO .

    $default  reduce using rule 61 (returnStmt)


state 72

   62 expO: exp .
   82 exp: exp . PLUS exp
   83    | exp . MINUS exp
   84    | exp . MULT exp
   85    | exp . DIV exp
   86    | exp . MOD exp
   89    | exp . DOT exp

    DIV    shift, and go to state 109
    DOT    shift, and go to state 110
    MINUS  shift, and go to state 116
    MOD    shift, and go to state 117
    MULT   shift, and go to state 118
    PLUS   shift, and go to state 120

    $default  reduce using rule 62 (expO)


state 73

   56 whileStmt: WHILE bExp . COLON stmtList END
   71 bExp: bExp . OR bExp
   72     | bExp . AND bExp

    AND    shift, and go to state 106
    COLON  shift, and go to state 126
    OR     shift, and go to state 108


state 74

   70 indxList: LEFT_SQ_BKT . exp RIGHT_SQ_BKT

    LEFT_PAREN   shift, and go to state 70
    MINUS        shift, and go to state 58
    PLUS         shift, and go to state 60
    ID           shift, and go to state 25
    INT_CONST    shift, and go to state 61
    FLOAT_CONST  shift, and go to state 62

    id   go to state 63
    exp  go to state 127


state 75

   66 id: ID indxListO .

    $default  reduce using rule 66 (id)


state 76

   67 indxListO: indxList .
   69 indxList: indxList . LEFT_SQ_BKT exp RIGHT_SQ_BKT

    LEFT_SQ_BKT  shift, and go to state 128

    $default  reduce using rule 67 (indxListO)


state 77

    1 prog: GLOBAL declList stmtListO END .

    $default  reduce using rule 1 (prog)


state 78

   35 stmtList: stmtList SEMICOLON . stmt

    EXITLOOP    shift, and go to state 16
    FROM        shift, and go to state 17
    IF          shift, and go to state 18
    LEFT_PAREN  shift, and go to state 19
    PRINT       shift, and go to state 20
    READ        shift, and go to state 21
    RETURN      shift, and go to state 22
    SKIP        shift, and go to state 23
    WHILE       shift, and go to state 24
    ID          shift, and go to state 25

    stmt            go to state 129
    assignmentStmt  go to state 29
    dotId           go to state 30
    readStmt        go to state 31
    printStmt       go to state 32
    ifStmt          go to state 33
    whileStmt       go to state 34
    loopStmt        go to state 35
    callStmt        go to state 36
    returnStmt      go to state 37
    exitLoop        go to state 38
    skip            go to state 39
    id              go to state 40


state 79

   47 assignmentStmt: dotId ASSIGN . exp

    LEFT_PAREN   shift, and go to state 70
    MINUS        shift, and go to state 58
    PLUS         shift, and go to state 60
    ID           shift, and go to state 25
    INT_CONST    shift, and go to state 61
    FLOAT_CONST  shift, and go to state 62

    id   go to state 63
    exp  go to state 130


state 80

   49 dotId: id DOT . dotId

    ID  shift, and go to state 25

    dotId  go to state 131
    id     go to state 40


state 81

   22 typeDef: ID ASSIGN PRODUCT . typeList END

    ID  shift, and go to state 8

    typeList  go to state 132
    varList   go to state 10
    var       go to state 11
    typeDef   go to state 12


state 82

   15 sizeList: LEFT_SQ_BKT INT_CONST . RIGHT_SQ_BKT

    RIGHT_SQ_BKT  shift, and go to state 133


state 83

   14 sizeList: sizeList LEFT_SQ_BKT . INT_CONST RIGHT_SQ_BKT

    INT_CONST  shift, and go to state 134


state 84

   11 var: ID . sizeListO

    LEFT_SQ_BKT  shift, and go to state 43

    $default  reduce using rule 13 (sizeListO)

    sizeListO  go to state 44
    sizeList   go to state 45


state 85

    6 typeList: typeList SEMICOLON varList . COLON type

    COLON  shift, and go to state 135


state 86

   17 type: FLOAT .

    $default  reduce using rule 17 (type)


state 87

   16 type: INT .

    $default  reduce using rule 16 (type)


state 88

   19 type: NUL .

    $default  reduce using rule 19 (type)


state 89

   21 type: ID .
   22 typeDef: ID . ASSIGN PRODUCT typeList END

    ASSIGN  shift, and go to state 42

    $default  reduce using rule 21 (type)


state 90

   18 type: STRING .

    $default  reduce using rule 18 (type)


state 91

    7 typeList: varList COLON type .

    $default  reduce using rule 7 (typeList)


state 92

   20 type: typeDef .

    $default  reduce using rule 20 (type)


state 93

    9 varList: var COMMA varList .

    $default  reduce using rule 9 (varList)


state 94

   31 idP: ID sizeListO .

    $default  reduce using rule 31 (idP)


state 95

   23 funDef: funID fparamListO RETURNS . type funBody

    FLOAT   shift, and go to state 86
    INT     shift, and go to state 87
    NUL     shift, and go to state 88
    ID      shift, and go to state 89
    STRING  shift, and go to state 90

    type     go to state 136
    typeDef  go to state 92


state 96

   27 fparamList: fparamList SEMICOLON . pList COLON type

    ID  shift, and go to state 51

    pList  go to state 137
    idP    go to state 55


state 97

   28 fparamList: pList COLON . type

    FLOAT   shift, and go to state 86
    INT     shift, and go to state 87
    NUL     shift, and go to state 88
    ID      shift, and go to state 89
    STRING  shift, and go to state 90

    type     go to state 138
    typeDef  go to state 92


state 98

   29 pList: pList COMMA . idP

    ID  shift, and go to state 51

    idP  go to state 139


state 99

   57 loopStmt: FROM id ASSIGN . exp TO exp stepPart COLON stmtListO END

    LEFT_PAREN   shift, and go to state 70
    MINUS        shift, and go to state 58
    PLUS         shift, and go to state 60
    ID           shift, and go to state 25
    INT_CONST    shift, and go to state 61
    FLOAT_CONST  shift, and go to state 62

    id   go to state 63
    exp  go to state 140


state 100

   66 id: ID . indxListO
   92 exp: LEFT_PAREN ID . COLON actParamListO RIGHT_PAREN

    COLON        shift, and go to state 141
    LEFT_SQ_BKT  shift, and go to state 74

    $default  reduce using rule 68 (indxListO)

    indxListO  go to state 75
    indxList   go to state 76


state 101

   71 bExp: bExp . OR bExp
   72     | bExp . AND bExp
   74     | LEFT_PAREN bExp . RIGHT_PAREN

    AND          shift, and go to state 106
    OR           shift, and go to state 108
    RIGHT_PAREN  shift, and go to state 142


state 102

   75 bExp: exp . relOP exp
   82 exp: exp . PLUS exp
   83    | exp . MINUS exp
   84    | exp . MULT exp
   85    | exp . DIV exp
   86    | exp . MOD exp
   89    | exp . DOT exp
   90    | LEFT_PAREN exp . RIGHT_PAREN

    DIV          shift, and go to state 109
    DOT          shift, and go to state 110
    EQ           shift, and go to state 111
    GE           shift, and go to state 112
    GT           shift, and go to state 113
    LE           shift, and go to state 114
    LT           shift, and go to state 115
    MINUS        shift, and go to state 116
    MOD          shift, and go to state 117
    MULT         shift, and go to state 118
    NE           shift, and go to state 119
    PLUS         shift, and go to state 120
    RIGHT_PAREN  shift, and go to state 143

    relOP  go to state 121


state 103

   82 exp: exp . PLUS exp
   83    | exp . MINUS exp
   84    | exp . MULT exp
   85    | exp . DIV exp
   86    | exp . MOD exp
   87    | MINUS exp .
   89    | exp . DOT exp

    DIV   shift, and go to state 109
    DOT   shift, and go to state 110
    MOD   shift, and go to state 117
    MULT  shift, and go to state 118

    $default  reduce using rule 87 (exp)


state 104

   71 bExp: bExp . OR bExp
   72     | bExp . AND bExp
   73     | NOT bExp .

    AND  shift, and go to state 106
    OR   shift, and go to state 108

    $default  reduce using rule 73 (bExp)


state 105

   82 exp: exp . PLUS exp
   83    | exp . MINUS exp
   84    | exp . MULT exp
   85    | exp . DIV exp
   86    | exp . MOD exp
   88    | PLUS exp .
   89    | exp . DOT exp

    DIV   shift, and go to state 109
    DOT   shift, and go to state 110
    MOD   shift, and go to state 117
    MULT  shift, and go to state 118

    $default  reduce using rule 88 (exp)


state 106

   72 bExp: bExp AND . bExp

    LEFT_PAREN   shift, and go to state 57
    MINUS        shift, and go to state 58
    NOT          shift, and go to state 59
    PLUS         shift, and go to state 60
    ID           shift, and go to state 25
    INT_CONST    shift, and go to state 61
    FLOAT_CONST  shift, and go to state 62

    id    go to state 63
    bExp  go to state 144
    exp   go to state 65


state 107

   53 ifStmt: IF bExp COLON . stmtList elsePart END

    EXITLOOP    shift, and go to state 16
    FROM        shift, and go to state 17
    IF          shift, and go to state 18
    LEFT_PAREN  shift, and go to state 19
    PRINT       shift, and go to state 20
    READ        shift, and go to state 21
    RETURN      shift, and go to state 22
    SKIP        shift, and go to state 23
    WHILE       shift, and go to state 24
    ID          shift, and go to state 25

    stmtList        go to state 145
    stmt            go to state 28
    assignmentStmt  go to state 29
    dotId           go to state 30
    readStmt        go to state 31
    printStmt       go to state 32
    ifStmt          go to state 33
    whileStmt       go to state 34
    loopStmt        go to state 35
    callStmt        go to state 36
    returnStmt      go to state 37
    exitLoop        go to state 38
    skip            go to state 39
    id              go to state 40


state 108

   71 bExp: bExp OR . bExp

    LEFT_PAREN   shift, and go to state 57
    MINUS        shift, and go to state 58
    NOT          shift, and go to state 59
    PLUS         shift, and go to state 60
    ID           shift, and go to state 25
    INT_CONST    shift, and go to state 61
    FLOAT_CONST  shift, and go to state 62

    id    go to state 63
    bExp  go to state 146
    exp   go to state 65


state 109

   85 exp: exp DIV . exp

    LEFT_PAREN   shift, and go to state 70
    MINUS        shift, and go to state 58
    PLUS         shift, and go to state 60
    ID           shift, and go to state 25
    INT_CONST    shift, and go to state 61
    FLOAT_CONST  shift, and go to state 62

    id   go to state 63
    exp  go to state 147


state 110

   89 exp: exp DOT . exp

    LEFT_PAREN   shift, and go to state 70
    MINUS        shift, and go to state 58
    PLUS         shift, and go to state 60
    ID           shift, and go to state 25
    INT_CONST    shift, and go to state 61
    FLOAT_CONST  shift, and go to state 62

    id   go to state 63
    exp  go to state 148


state 111

   76 relOP: EQ .

    $default  reduce using rule 76 (relOP)


state 112

   79 relOP: GE .

    $default  reduce using rule 79 (relOP)


state 113

   80 relOP: GT .

    $default  reduce using rule 80 (relOP)


state 114

   77 relOP: LE .

    $default  reduce using rule 77 (relOP)


state 115

   78 relOP: LT .

    $default  reduce using rule 78 (relOP)


state 116

   83 exp: exp MINUS . exp

    LEFT_PAREN   shift, and go to state 70
    MINUS        shift, and go to state 58
    PLUS         shift, and go to state 60
    ID           shift, and go to state 25
    INT_CONST    shift, and go to state 61
    FLOAT_CONST  shift, and go to state 62

    id   go to state 63
    exp  go to state 149


state 117

   86 exp: exp MOD . exp

    LEFT_PAREN   shift, and go to state 70
    MINUS        shift, and go to state 58
    PLUS         shift, and go to state 60
    ID           shift, and go to state 25
    INT_CONST    shift, and go to state 61
    FLOAT_CONST  shift, and go to state 62

    id   go to state 63
    exp  go to state 150


state 118

   84 exp: exp MULT . exp

    LEFT_PAREN   shift, and go to state 70
    MINUS        shift, and go to state 58
    PLUS         shift, and go to state 60
    ID           shift, and go to state 25
    INT_CONST    shift, and go to state 61
    FLOAT_CONST  shift, and go to state 62

    id   go to state 63
    exp  go to state 151


state 119

   81 relOP: NE .

    $default  reduce using rule 81 (relOP)


state 120

   82 exp: exp PLUS . exp

    LEFT_PAREN   shift, and go to state 70
    MINUS        shift, and go to state 58
    PLUS         shift, and go to state 60
    ID           shift, and go to state 25
    INT_CONST    shift, and go to state 61
    FLOAT_CONST  shift, and go to state 62

    id   go to state 63
    exp  go to state 152


state 121

   75 bExp: exp relOP . exp

    LEFT_PAREN   shift, and go to state 70
    MINUS        shift, and go to state 58
    PLUS         shift, and go to state 60
    ID           shift, and go to state 25
    INT_CONST    shift, and go to state 61
    FLOAT_CONST  shift, and go to state 62

    id   go to state 63
    exp  go to state 153


state 122

   60 callStmt: LEFT_PAREN ID COLON . actParamList RIGHT_PAREN

    LEFT_PAREN   shift, and go to state 70
    MINUS        shift, and go to state 58
    PLUS         shift, and go to state 60
    ID           shift, and go to state 25
    INT_CONST    shift, and go to state 61
    FLOAT_CONST  shift, and go to state 62

    id            go to state 63
    exp           go to state 154
    actParamList  go to state 155


state 123

   52 printStmt: PRINT FORMAT exp .
   82 exp: exp . PLUS exp
   83    | exp . MINUS exp
   84    | exp . MULT exp
   85    | exp . DIV exp
   86    | exp . MOD exp
   89    | exp . DOT exp

    DIV    shift, and go to state 109
    DOT    shift, and go to state 110
    MINUS  shift, and go to state 116
    MOD    shift, and go to state 117
    MULT   shift, and go to state 118
    PLUS   shift, and go to state 120

    $default  reduce using rule 52 (printStmt)


state 124

   50 readStmt: READ FORMAT exp .
   82 exp: exp . PLUS exp
   83    | exp . MINUS exp
   84    | exp . MULT exp
   85    | exp . DIV exp
   86    | exp . MOD exp
   89    | exp . DOT exp

    DIV    shift, and go to state 109
    DOT    shift, and go to state 110
    MINUS  shift, and go to state 116
    MOD    shift, and go to state 117
    MULT   shift, and go to state 118
    PLUS   shift, and go to state 120

    $default  reduce using rule 50 (readStmt)


state 125

   82 exp: exp . PLUS exp
   83    | exp . MINUS exp
   84    | exp . MULT exp
   85    | exp . DIV exp
   86    | exp . MOD exp
   89    | exp . DOT exp
   90    | LEFT_PAREN exp . RIGHT_PAREN

    DIV          shift, and go to state 109
    DOT          shift, and go to state 110
    MINUS        shift, and go to state 116
    MOD          shift, and go to state 117
    MULT         shift, and go to state 118
    PLUS         shift, and go to state 120
    RIGHT_PAREN  shift, and go to state 143


state 126

   56 whileStmt: WHILE bExp COLON . stmtList END

    EXITLOOP    shift, and go to state 16
    FROM        shift, and go to state 17
    IF          shift, and go to state 18
    LEFT_PAREN  shift, and go to state 19
    PRINT       shift, and go to state 20
    READ        shift, and go to state 21
    RETURN      shift, and go to state 22
    SKIP        shift, and go to state 23
    WHILE       shift, and go to state 24
    ID          shift, and go to state 25

    stmtList        go to state 156
    stmt            go to state 28
    assignmentStmt  go to state 29
    dotId           go to state 30
    readStmt        go to state 31
    printStmt       go to state 32
    ifStmt          go to state 33
    whileStmt       go to state 34
    loopStmt        go to state 35
    callStmt        go to state 36
    returnStmt      go to state 37
    exitLoop        go to state 38
    skip            go to state 39
    id              go to state 40


state 127

   70 indxList: LEFT_SQ_BKT exp . RIGHT_SQ_BKT
   82 exp: exp . PLUS exp
   83    | exp . MINUS exp
   84    | exp . MULT exp
   85    | exp . DIV exp
   86    | exp . MOD exp
   89    | exp . DOT exp

    DIV           shift, and go to state 109
    DOT           shift, and go to state 110
    MINUS         shift, and go to state 116
    MOD           shift, and go to state 117
    MULT          shift, and go to state 118
    PLUS          shift, and go to state 120
    RIGHT_SQ_BKT  shift, and go to state 157


state 128

   69 indxList: indxList LEFT_SQ_BKT . exp RIGHT_SQ_BKT

    LEFT_PAREN   shift, and go to state 70
    MINUS        shift, and go to state 58
    PLUS         shift, and go to state 60
    ID           shift, and go to state 25
    INT_CONST    shift, and go to state 61
    FLOAT_CONST  shift, and go to state 62

    id   go to state 63
    exp  go to state 158


state 129

   35 stmtList: stmtList SEMICOLON stmt .

    $default  reduce using rule 35 (stmtList)


state 130

   47 assignmentStmt: dotId ASSIGN exp .
   82 exp: exp . PLUS exp
   83    | exp . MINUS exp
   84    | exp . MULT exp
   85    | exp . DIV exp
   86    | exp . MOD exp
   89    | exp . DOT exp

    DIV    shift, and go to state 109
    DOT    shift, and go to state 110
    MINUS  shift, and go to state 116
    MOD    shift, and go to state 117
    MULT   shift, and go to state 118
    PLUS   shift, and go to state 120

    $default  reduce using rule 47 (assignmentStmt)


state 131

   49 dotId: id DOT dotId .

    $default  reduce using rule 49 (dotId)


state 132

    6 typeList: typeList . SEMICOLON varList COLON type
   22 typeDef: ID ASSIGN PRODUCT typeList . END

    END        shift, and go to state 159
    SEMICOLON  shift, and go to state 47


state 133

   15 sizeList: LEFT_SQ_BKT INT_CONST RIGHT_SQ_BKT .

    $default  reduce using rule 15 (sizeList)


state 134

   14 sizeList: sizeList LEFT_SQ_BKT INT_CONST . RIGHT_SQ_BKT

    RIGHT_SQ_BKT  shift, and go to state 160


state 135

    6 typeList: typeList SEMICOLON varList COLON . type

    FLOAT   shift, and go to state 86
    INT     shift, and go to state 87
    NUL     shift, and go to state 88
    ID      shift, and go to state 89
    STRING  shift, and go to state 90

    type     go to state 161
    typeDef  go to state 92


state 136

   23 funDef: funID fparamListO RETURNS type . funBody

    DEF  shift, and go to state 3
    FUN  shift, and go to state 4

    $default  reduce using rule 3 (declList)

    declList  go to state 162
    decl      go to state 6
    funBody   go to state 163


state 137

   27 fparamList: fparamList SEMICOLON pList . COLON type
   29 pList: pList . COMMA idP

    COLON  shift, and go to state 164
    COMMA  shift, and go to state 98


state 138

   28 fparamList: pList COLON type .

    $default  reduce using rule 28 (fparamList)


state 139

   29 pList: pList COMMA idP .

    $default  reduce using rule 29 (pList)


state 140

   57 loopStmt: FROM id ASSIGN exp . TO exp stepPart COLON stmtListO END
   82 exp: exp . PLUS exp
   83    | exp . MINUS exp
   84    | exp . MULT exp
   85    | exp . DIV exp
   86    | exp . MOD exp
   89    | exp . DOT exp

    DIV    shift, and go to state 109
    DOT    shift, and go to state 110
    MINUS  shift, and go to state 116
    MOD    shift, and go to state 117
    MULT   shift, and go to state 118
    PLUS   shift, and go to state 120
    TO     shift, and go to state 165


state 141

   92 exp: LEFT_PAREN ID COLON . actParamListO RIGHT_PAREN

    LEFT_PAREN   shift, and go to state 70
    MINUS        shift, and go to state 58
    PLUS         shift, and go to state 60
    ID           shift, and go to state 25
    INT_CONST    shift, and go to state 61
    FLOAT_CONST  shift, and go to state 62

    $default  reduce using rule 96 (actParamListO)

    id             go to state 63
    exp            go to state 154
    actParamListO  go to state 166
    actParamList   go to state 167


state 142

   74 bExp: LEFT_PAREN bExp RIGHT_PAREN .

    $default  reduce using rule 74 (bExp)


state 143

   90 exp: LEFT_PAREN exp RIGHT_PAREN .

    $default  reduce using rule 90 (exp)


state 144

   71 bExp: bExp . OR bExp
   72     | bExp . AND bExp
   72     | bExp AND bExp .

    $default  reduce using rule 72 (bExp)


state 145

   35 stmtList: stmtList . SEMICOLON stmt
   53 ifStmt: IF bExp COLON stmtList . elsePart END

    ELSE       shift, and go to state 168
    SEMICOLON  shift, and go to state 78

    $default  reduce using rule 55 (elsePart)

    elsePart  go to state 169


state 146

   71 bExp: bExp . OR bExp
   71     | bExp OR bExp .
   72     | bExp . AND bExp

    $default  reduce using rule 71 (bExp)


state 147

   82 exp: exp . PLUS exp
   83    | exp . MINUS exp
   84    | exp . MULT exp
   85    | exp . DIV exp
   85    | exp DIV exp .
   86    | exp . MOD exp
   89    | exp . DOT exp

    DOT  shift, and go to state 110

    $default  reduce using rule 85 (exp)


state 148

   82 exp: exp . PLUS exp
   83    | exp . MINUS exp
   84    | exp . MULT exp
   85    | exp . DIV exp
   86    | exp . MOD exp
   89    | exp . DOT exp
   89    | exp DOT exp .

    $default  reduce using rule 89 (exp)


state 149

   82 exp: exp . PLUS exp
   83    | exp . MINUS exp
   83    | exp MINUS exp .
   84    | exp . MULT exp
   85    | exp . DIV exp
   86    | exp . MOD exp
   89    | exp . DOT exp

    DIV   shift, and go to state 109
    DOT   shift, and go to state 110
    MOD   shift, and go to state 117
    MULT  shift, and go to state 118

    $default  reduce using rule 83 (exp)


state 150

   82 exp: exp . PLUS exp
   83    | exp . MINUS exp
   84    | exp . MULT exp
   85    | exp . DIV exp
   86    | exp . MOD exp
   86    | exp MOD exp .
   89    | exp . DOT exp

    DOT  shift, and go to state 110

    $default  reduce using rule 86 (exp)


state 151

   82 exp: exp . PLUS exp
   83    | exp . MINUS exp
   84    | exp . MULT exp
   84    | exp MULT exp .
   85    | exp . DIV exp
   86    | exp . MOD exp
   89    | exp . DOT exp

    DOT  shift, and go to state 110

    $default  reduce using rule 84 (exp)


state 152

   82 exp: exp . PLUS exp
   82    | exp PLUS exp .
   83    | exp . MINUS exp
   84    | exp . MULT exp
   85    | exp . DIV exp
   86    | exp . MOD exp
   89    | exp . DOT exp

    DIV   shift, and go to state 109
    DOT   shift, and go to state 110
    MOD   shift, and go to state 117
    MULT  shift, and go to state 118

    $default  reduce using rule 82 (exp)


state 153

   75 bExp: exp relOP exp .
   82 exp: exp . PLUS exp
   83    | exp . MINUS exp
   84    | exp . MULT exp
   85    | exp . DIV exp
   86    | exp . MOD exp
   89    | exp . DOT exp

    DIV    shift, and go to state 109
    DOT    shift, and go to state 110
    MINUS  shift, and go to state 116
    MOD    shift, and go to state 117
    MULT   shift, and go to state 118
    PLUS   shift, and go to state 120

    $default  reduce using rule 75 (bExp)


state 154

   82 exp: exp . PLUS exp
   83    | exp . MINUS exp
   84    | exp . MULT exp
   85    | exp . DIV exp
   86    | exp . MOD exp
   89    | exp . DOT exp
   98 actParamList: exp .

    DIV    shift, and go to state 109
    DOT    shift, and go to state 110
    MINUS  shift, and go to state 116
    MOD    shift, and go to state 117
    MULT   shift, and go to state 118
    PLUS   shift, and go to state 120

    $default  reduce using rule 98 (actParamList)


state 155

   60 callStmt: LEFT_PAREN ID COLON actParamList . RIGHT_PAREN
   97 actParamList: actParamList . COMMA exp

    COMMA        shift, and go to state 170
    RIGHT_PAREN  shift, and go to state 171


state 156

   35 stmtList: stmtList . SEMICOLON stmt
   56 whileStmt: WHILE bExp COLON stmtList . END

    END        shift, and go to state 172
    SEMICOLON  shift, and go to state 78


state 157

   70 indxList: LEFT_SQ_BKT exp RIGHT_SQ_BKT .

    $default  reduce using rule 70 (indxList)


state 158

   69 indxList: indxList LEFT_SQ_BKT exp . RIGHT_SQ_BKT
   82 exp: exp . PLUS exp
   83    | exp . MINUS exp
   84    | exp . MULT exp
   85    | exp . DIV exp
   86    | exp . MOD exp
   89    | exp . DOT exp

    DIV           shift, and go to state 109
    DOT           shift, and go to state 110
    MINUS         shift, and go to state 116
    MOD           shift, and go to state 117
    MULT          shift, and go to state 118
    PLUS          shift, and go to state 120
    RIGHT_SQ_BKT  shift, and go to state 173


state 159

   22 typeDef: ID ASSIGN PRODUCT typeList END .

    $default  reduce using rule 22 (typeDef)


state 160

   14 sizeList: sizeList LEFT_SQ_BKT INT_CONST RIGHT_SQ_BKT .

    $default  reduce using rule 14 (sizeList)


state 161

    6 typeList: typeList SEMICOLON varList COLON type .

    $default  reduce using rule 6 (typeList)


state 162

   32 funBody: declList . stmtListO

    EXITLOOP    shift, and go to state 16
    FROM        shift, and go to state 17
    IF          shift, and go to state 18
    LEFT_PAREN  shift, and go to state 19
    PRINT       shift, and go to state 20
    READ        shift, and go to state 21
    RETURN      shift, and go to state 22
    SKIP        shift, and go to state 23
    WHILE       shift, and go to state 24
    ID          shift, and go to state 25

    $default  reduce using rule 34 (stmtListO)

    stmtListO       go to state 174
    stmtList        go to state 27
    stmt            go to state 28
    assignmentStmt  go to state 29
    dotId           go to state 30
    readStmt        go to state 31
    printStmt       go to state 32
    ifStmt          go to state 33
    whileStmt       go to state 34
    loopStmt        go to state 35
    callStmt        go to state 36
    returnStmt      go to state 37
    exitLoop        go to state 38
    skip            go to state 39
    id              go to state 40


state 163

   23 funDef: funID fparamListO RETURNS type funBody .

    $default  reduce using rule 23 (funDef)


state 164

   27 fparamList: fparamList SEMICOLON pList COLON . type

    FLOAT   shift, and go to state 86
    INT     shift, and go to state 87
    NUL     shift, and go to state 88
    ID      shift, and go to state 89
    STRING  shift, and go to state 90

    type     go to state 175
    typeDef  go to state 92


state 165

   57 loopStmt: FROM id ASSIGN exp TO . exp stepPart COLON stmtListO END

    LEFT_PAREN   shift, and go to state 70
    MINUS        shift, and go to state 58
    PLUS         shift, and go to state 60
    ID           shift, and go to state 25
    INT_CONST    shift, and go to state 61
    FLOAT_CONST  shift, and go to state 62

    id   go to state 63
    exp  go to state 176


state 166

   92 exp: LEFT_PAREN ID COLON actParamListO . RIGHT_PAREN

    RIGHT_PAREN  shift, and go to state 177


state 167

   95 actParamListO: actParamList .
   97 actParamList: actParamList . COMMA exp

    COMMA  shift, and go to state 170

    $default  reduce using rule 95 (actParamListO)


state 168

   54 elsePart: ELSE . stmtList

    EXITLOOP    shift, and go to state 16
    FROM        shift, and go to state 17
    IF          shift, and go to state 18
    LEFT_PAREN  shift, and go to state 19
    PRINT       shift, and go to state 20
    READ        shift, and go to state 21
    RETURN      shift, and go to state 22
    SKIP        shift, and go to state 23
    WHILE       shift, and go to state 24
    ID          shift, and go to state 25

    stmtList        go to state 178
    stmt            go to state 28
    assignmentStmt  go to state 29
    dotId           go to state 30
    readStmt        go to state 31
    printStmt       go to state 32
    ifStmt          go to state 33
    whileStmt       go to state 34
    loopStmt        go to state 35
    callStmt        go to state 36
    returnStmt      go to state 37
    exitLoop        go to state 38
    skip            go to state 39
    id              go to state 40


state 169

   53 ifStmt: IF bExp COLON stmtList elsePart . END

    END  shift, and go to state 179


state 170

   97 actParamList: actParamList COMMA . exp

    LEFT_PAREN   shift, and go to state 70
    MINUS        shift, and go to state 58
    PLUS         shift, and go to state 60
    ID           shift, and go to state 25
    INT_CONST    shift, and go to state 61
    FLOAT_CONST  shift, and go to state 62

    id   go to state 63
    exp  go to state 180


state 171

   60 callStmt: LEFT_PAREN ID COLON actParamList RIGHT_PAREN .

    $default  reduce using rule 60 (callStmt)


state 172

   56 whileStmt: WHILE bExp COLON stmtList END .

    $default  reduce using rule 56 (whileStmt)


state 173

   69 indxList: indxList LEFT_SQ_BKT exp RIGHT_SQ_BKT .

    $default  reduce using rule 69 (indxList)


state 174

   32 funBody: declList stmtListO .

    $default  reduce using rule 32 (funBody)


state 175

   27 fparamList: fparamList SEMICOLON pList COLON type .

    $default  reduce using rule 27 (fparamList)


state 176

   57 loopStmt: FROM id ASSIGN exp TO exp . stepPart COLON stmtListO END
   82 exp: exp . PLUS exp
   83    | exp . MINUS exp
   84    | exp . MULT exp
   85    | exp . DIV exp
   86    | exp . MOD exp
   89    | exp . DOT exp

    DIV    shift, and go to state 109
    DOT    shift, and go to state 110
    MINUS  shift, and go to state 116
    MOD    shift, and go to state 117
    MULT   shift, and go to state 118
    PLUS   shift, and go to state 120
    STEP   shift, and go to state 181

    $default  reduce using rule 59 (stepPart)

    stepPart  go to state 182


state 177

   92 exp: LEFT_PAREN ID COLON actParamListO RIGHT_PAREN .

    $default  reduce using rule 92 (exp)


state 178

   35 stmtList: stmtList . SEMICOLON stmt
   54 elsePart: ELSE stmtList .

    SEMICOLON  shift, and go to state 78

    $default  reduce using rule 54 (elsePart)


state 179

   53 ifStmt: IF bExp COLON stmtList elsePart END .

    $default  reduce using rule 53 (ifStmt)


state 180

   82 exp: exp . PLUS exp
   83    | exp . MINUS exp
   84    | exp . MULT exp
   85    | exp . DIV exp
   86    | exp . MOD exp
   89    | exp . DOT exp
   97 actParamList: actParamList COMMA exp .

    DIV    shift, and go to state 109
    DOT    shift, and go to state 110
    MINUS  shift, and go to state 116
    MOD    shift, and go to state 117
    MULT   shift, and go to state 118
    PLUS   shift, and go to state 120

    $default  reduce using rule 97 (actParamList)


state 181

   58 stepPart: STEP . exp

    LEFT_PAREN   shift, and go to state 70
    MINUS        shift, and go to state 58
    PLUS         shift, and go to state 60
    ID           shift, and go to state 25
    INT_CONST    shift, and go to state 61
    FLOAT_CONST  shift, and go to state 62

    id   go to state 63
    exp  go to state 183


state 182

   57 loopStmt: FROM id ASSIGN exp TO exp stepPart . COLON stmtListO END

    COLON  shift, and go to state 184


state 183

   58 stepPart: STEP exp .
   82 exp: exp . PLUS exp
   83    | exp . MINUS exp
   84    | exp . MULT exp
   85    | exp . DIV exp
   86    | exp . MOD exp
   89    | exp . DOT exp

    DIV    shift, and go to state 109
    DOT    shift, and go to state 110
    MINUS  shift, and go to state 116
    MOD    shift, and go to state 117
    MULT   shift, and go to state 118
    PLUS   shift, and go to state 120

    $default  reduce using rule 58 (stepPart)


state 184

   57 loopStmt: FROM id ASSIGN exp TO exp stepPart COLON . stmtListO END

    EXITLOOP    shift, and go to state 16
    FROM        shift, and go to state 17
    IF          shift, and go to state 18
    LEFT_PAREN  shift, and go to state 19
    PRINT       shift, and go to state 20
    READ        shift, and go to state 21
    RETURN      shift, and go to state 22
    SKIP        shift, and go to state 23
    WHILE       shift, and go to state 24
    ID          shift, and go to state 25

    $default  reduce using rule 34 (stmtListO)

    stmtListO       go to state 185
    stmtList        go to state 27
    stmt            go to state 28
    assignmentStmt  go to state 29
    dotId           go to state 30
    readStmt        go to state 31
    printStmt       go to state 32
    ifStmt          go to state 33
    whileStmt       go to state 34
    loopStmt        go to state 35
    callStmt        go to state 36
    returnStmt      go to state 37
    exitLoop        go to state 38
    skip            go to state 39
    id              go to state 40


state 185

   57 loopStmt: FROM id ASSIGN exp TO exp stepPart COLON stmtListO . END

    END  shift, and go to state 186


state 186

   57 loopStmt: FROM id ASSIGN exp TO exp stepPart COLON stmtListO END .

    $default  reduce using rule 57 (loopStmt)
